The field "cli.appVersionSource" is not set, but it will be required in the future. Learn more: https://docs.expo.dev/build-reference/app-versions/
Resolved "preview" environment for the build. Learn more: https://docs.expo.dev/eas/environment-variables/#setting-the-environment-for-your-builds
No environment variables with visibility "Plain text" and "Sensitive" found for the "preview" environment on EAS.



The field "cli.appVersionSource" is not set, but it will be required in the future. Learn more: https://docs.expo.dev/build-reference/app-versions/
Γ£ö Using remote Android credentials (Expo server)
node.exe : Γ£ö Using 
Keystore from 
configuration: Build 
Credentials RSNiFbiq2n 
(default)
At line:1 char:1
+ & "C:\Program 
Files\nodejs/node.exe" 
"C:\Program 
Files\nodejs/node_mo ...
+ ~~~~~~~~~~~~~~~~~~~~~~~~
~~~~~~~~~~~~~~~~~~~~~~~~~~
~~~~~~~~~~~~~~~~~~~
    + CategoryInfo        
      : NotSpecified: (Γ  
  £ö Using Keyst...biq2   
 n (default):String) [    
], RemoteException
    + FullyQualifiedError 
   Id : NativeCommandErr  
  or
 

Compressing project files and uploading to EAS Build. Learn more: https://expo.fyi/eas-build-archive
- Compressing project 
files\ Compressing 
project files| 
Compressing project 
filesΓ£ö Compressed 
project files 1s (406 KB)
- Uploading to EAS Build 
(0 / 406 KB)\ Uploading 
to EAS Build (64.0 KB / 
406 KB)| Uploading to EAS 
Build (64.0 KB / 406 KB)/ 
Uploading to EAS Build 
(192 KB / 406 KB)- 
Uploading to EAS Build 
(192 KB / 406 KB)\ 
Uploading to EAS Build 
(384 KB / 406 KB)| 
Uploading to EAS Build 
(406 KB / 406 KB)/ 
Uploading to EAS Build 
(406 KB / 406 KB)- 
Uploading to EAS Build 
(406 KB / 406 KB)\ 
Uploading to EAS Build 
(406 KB / 406 KB)| 
Uploading to EAS Build 
(406 KB / 406 KB)/ 
Uploading to EAS Build 
(406 KB / 406 KB)- 
Uploading to EAS Build 
(406 KB / 406 KB)\ 
Uploading to EAS Build 
(406 KB / 406 KB)| 
Uploading to EAS Build 
(406 KB / 406 KB)/ 
Uploading to EAS Build 
(406 KB / 406 KB)Γ£ö 
Uploaded to EAS 2s
- Computing project 
fingerprintΓ£û Failed to 
compute project 
fingerprint
ΓÅ⌐ To skip this step, set the environment variable: EAS_SKIP_AUTO_FINGERPRINT=1
Cannot find module './lib/parse'
Require stack:
- E:\PROJECTS\GITAAA\node_modules\@expo\fingerprint\node_modules\cross-spawn\index.js
- E:\PROJECTS\GITAAA\node_modules\@expo\fingerprint\node_modules\@expo\spawn-async\build\spawnAsync.js
- E:\PROJECTS\GITAAA\node_modules\@expo\fingerprint\build\ProjectWorkflow.js
- E:\PROJECTS\GITAAA\node_modules\@expo\fingerprint\build\Options.js
- E:\PROJECTS\GITAAA\node_modules\@expo\fingerprint\build\Fingerprint.js
- E:\PROJECTS\GITAAA\node_modules\@expo\fingerprint\build\index.js
- E:\PROJECTS\GITAAA\node_modules\expo\fingerprint.js
- C:\Users\HP\AppData\Local\npm-cache\_npx\e25a38a8cc65d08e\node_modules\eas-cli\build\fingerprint\cli.js
- C:\Users\HP\AppData\Local\npm-cache\_npx\e25a38a8cc65d08e\node_modules\eas-cli\build\build\build.js
- C:\Users\HP\AppData\Local\npm-cache\_npx\e25a38a8cc65d08e\node_modules\eas-cli\build\build\android\build.js
- C:\Users\HP\AppData\Local\npm-cache\_npx\e25a38a8cc65d08e\node_modules\eas-cli\build\build\runBuildAndSubmit.js
- C:\Users\HP\AppData\Local\npm-cache\_npx\e25a38a8cc65d08e\node_modules\eas-cli\build\commands\build\index.js
- C:\Users\HP\AppData\Local\npm-cache\_npx\e25a38a8cc65d08e\node_modules\@oclif\core\lib\module-loader.js
- C:\Users\HP\AppData\Local\npm-cache\_npx\e25a38a8cc65d08e\node_modules\@oclif\core\lib\help\index.js
- C:\Users\HP\AppData\Local\npm-cache\_npx\e25a38a8cc65d08e\node_modules\@oclif\core\lib\errors\handle.js
- C:\Users\HP\AppData\Local\npm-cache\_npx\e25a38a8cc65d08e\node_modules\@oclif\core\lib\errors\index.js
- C:\Users\HP\AppData\Local\npm-cache\_npx\e25a38a8cc65d08e\node_modules\@oclif\core\lib\config\config.js
- C:\Users\HP\AppData\Local\npm-cache\_npx\e25a38a8cc65d08e\node_modules\@oclif\core\lib\config\index.js
- C:\Users\HP\AppData\Local\npm-cache\_npx\e25a38a8cc65d08e\node_modules\@oclif\core\lib\command.js
- C:\Users\HP\AppData\Local\npm-cache\_npx\e25a38a8cc65d08e\node_modules\@oclif\core\lib\index.js
- C:\Users\HP\AppData\Local\npm-cache\_npx\e25a38a8cc65d08e\node_modules\eas-cli\bin\run
    Error: build command 
failed.
